# JRE version: Java(TM) SE Runtime Environment (7.0_72-b14) (build 1.7.0_72-b14)
# Java VM: Java HotSpot(TM) Client VM (24.72-b04 mixed mode, sharing windows-x86 )
Heap
 def new generation   total 30528K, used 30528K [0x24800000, 0x26910000, 0x29d50000)
  eden space 27200K, 100% used [0x24800000, 0x26290000, 0x26290000)
  from space 3328K, 100% used [0x265d0000, 0x26910000, 0x26910000)
  to   space 3328K,   0% used [0x26290000, 0x26290000, 0x265d0000)
 tenured generation   total 69724K, used 69724K [0x29d50000, 0x2e167000, 0x34800000)
   the space 69724K, 100% used [0x29d50000, 0x2e167000, 0x2e167000, 0x2e167000)
 compacting perm gen  total 12288K, used 1666K [0x34800000, 0x35400000, 0x38800000)
   the space 12288K,  13% used [0x34800000, 0x349a0990, 0x349a0a00, 0x35400000)
    ro space 10240K,  44% used [0x38800000, 0x38c7b1c8, 0x38c7b200, 0x39200000)
    rw space 12288K,  52% used [0x39200000, 0x398431d0, 0x39843200, 0x39e00000)
GC Heap History (10 events):
Event: 8.387 GC heap after
Heap after GC invocations=41 (full 7):
 def new generation   total 25408K, used 2583K [0x24800000, 0x26390000, 0x29d50000)
  eden space 22592K,  11% used [0x24800000, 0x24a85db0, 0x25e10000)
  from space 2816K,   0% used [0x25e10000, 0x25e10000, 0x260d0000)
  to   space 2816K,   0% used [0x260d0000, 0x260d0000, 0x26390000)
 tenured generation   total 56328K, used 56288K [0x29d50000, 0x2d452000, 0x34800000)
   the space 56328K,  99% used [0x29d50000, 0x2d448030, 0x2d448200, 0x2d452000)
 compacting perm gen  total 12288K, used 1666K [0x34800000, 0x35400000, 0x38800000)
   the space 12288K,  13% used [0x34800000, 0x349a09e0, 0x349a0a00, 0x35400000)
    ro space 10240K,  44% used [0x38800000, 0x38c7b1c8, 0x38c7b200, 0x39200000)
    rw space 12288K,  52% used [0x39200000, 0x398431d0, 0x39843200, 0x39e00000)
}
Event: 8.579 GC heap before
{Heap before GC invocations=41 (full 7):
 def new generation   total 25408K, used 22592K [0x24800000, 0x26390000, 0x29d50000)
  eden space 22592K, 100% used [0x24800000, 0x25e10000, 0x25e10000)
  from space 2816K,   0% used [0x25e10000, 0x25e10000, 0x260d0000)
  to   space 2816K,   0% used [0x260d0000, 0x260d0000, 0x26390000)
 tenured generation   total 56328K, used 56288K [0x29d50000, 0x2d452000, 0x34800000)
   the space 56328K,  99% used [0x29d50000, 0x2d448030, 0x2d448200, 0x2d452000)
 compacting perm gen  total 12288K, used 1666K [0x34800000, 0x35400000, 0x38800000)
   the space 12288K,  13% used [0x34800000, 0x349a09e0, 0x349a0a00, 0x35400000)
    ro space 10240K,  44% used [0x38800000, 0x38c7b1c8, 0x38c7b200, 0x39200000)
    rw space 12288K,  52% used [0x39200000, 0x398431d0, 0x39843200, 0x39e00000)
Event: 9.009 GC heap after
Heap after GC invocations=42 (full 8):
 def new generation   total 26560K, used 1683K [0x24800000, 0x264d0000, 0x29d50000)
  eden space 23616K,   7% used [0x24800000, 0x249a4ed0, 0x25f10000)
  from space 2944K,   0% used [0x25f10000, 0x25f10000, 0x261f0000)
  to   space 2944K,   0% used [0x261f0000, 0x261f0000, 0x264d0000)
 tenured generation   total 58888K, used 58887K [0x29d50000, 0x2d6d2000, 0x34800000)
   the space 58888K,  99% used [0x29d50000, 0x2d6d1ff0, 0x2d6d2000, 0x2d6d2000)
 compacting perm gen  total 12288K, used 1666K [0x34800000, 0x35400000, 0x38800000)
   the space 12288K,  13% used [0x34800000, 0x349a0980, 0x349a0a00, 0x35400000)
    ro space 10240K,  44% used [0x38800000, 0x38c7b1c8, 0x38c7b200, 0x39200000)
    rw space 12288K,  52% used [0x39200000, 0x398431d0, 0x39843200, 0x39e00000)
}
Event: 9.213 GC heap before
{Heap before GC invocations=42 (full 8):
 def new generation   total 26560K, used 23616K [0x24800000, 0x264d0000, 0x29d50000)
  eden space 23616K, 100% used [0x24800000, 0x25f10000, 0x25f10000)
  from space 2944K,   0% used [0x25f10000, 0x25f10000, 0x261f0000)
  to   space 2944K,   0% used [0x261f0000, 0x261f0000, 0x264d0000)
 tenured generation   total 58888K, used 58887K [0x29d50000, 0x2d6d2000, 0x34800000)
   the space 58888K,  99% used [0x29d50000, 0x2d6d1ff0, 0x2d6d2000, 0x2d6d2000)
 compacting perm gen  total 12288K, used 1666K [0x34800000, 0x35400000, 0x38800000)
   the space 12288K,  13% used [0x34800000, 0x349a0980, 0x349a0a00, 0x35400000)
    ro space 10240K,  44% used [0x38800000, 0x38c7b1c8, 0x38c7b200, 0x39200000)
    rw space 12288K,  52% used [0x39200000, 0x398431d0, 0x39843200, 0x39e00000)
Event: 9.617 GC heap after
Heap after GC invocations=43 (full 9):
 def new generation   total 27712K, used 2874K [0x24800000, 0x26610000, 0x29d50000)
  eden space 24640K,  11% used [0x24800000, 0x24aceab8, 0x26010000)
  from space 3072K,   0% used [0x26010000, 0x26010000, 0x26310000)
  to   space 3072K,   0% used [0x26310000, 0x26310000, 0x26610000)
 tenured generation   total 61448K, used 61368K [0x29d50000, 0x2d952000, 0x34800000)
   the space 61448K,  99% used [0x29d50000, 0x2d93e238, 0x2d93e400, 0x2d952000)
 compacting perm gen  total 12288K, used 1666K [0x34800000, 0x35400000, 0x38800000)
   the space 12288K,  13% used [0x34800000, 0x349a0980, 0x349a0a00, 0x35400000)
    ro space 10240K,  44% used [0x38800000, 0x38c7b1c8, 0x38c7b200, 0x39200000)
    rw space 12288K,  52% used [0x39200000, 0x398431d0, 0x39843200, 0x39e00000)
}
Event: 9.825 GC heap before
{Heap before GC invocations=43 (full 9):
 def new generation   total 27712K, used 24640K [0x24800000, 0x26610000, 0x29d50000)
  eden space 24640K, 100% used [0x24800000, 0x26010000, 0x26010000)
  from space 3072K,   0% used [0x26010000, 0x26010000, 0x26310000)
  to   space 3072K,   0% used [0x26310000, 0x26310000, 0x26610000)
 tenured generation   total 61448K, used 61368K [0x29d50000, 0x2d952000, 0x34800000)
   the space 61448K,  99% used [0x29d50000, 0x2d93e238, 0x2d93e400, 0x2d952000)
 compacting perm gen  total 12288K, used 1666K [0x34800000, 0x35400000, 0x38800000)
   the space 12288K,  13% used [0x34800000, 0x349a0990, 0x349a0a00, 0x35400000)
    ro space 10240K,  44% used [0x38800000, 0x38c7b1c8, 0x38c7b200, 0x39200000)
    rw space 12288K,  52% used [0x39200000, 0x398431d0, 0x39843200, 0x39e00000)
Event: 10.287 GC heap after
Heap after GC invocations=44 (full 10):
 def new generation   total 29120K, used 2982K [0x24800000, 0x26790000, 0x29d50000)
  eden space 25920K,  11% used [0x24800000, 0x24ae9b18, 0x26150000)
  from space 3200K,   0% used [0x26150000, 0x26150000, 0x26470000)
  to   space 3200K,   0% used [0x26470000, 0x26470000, 0x26790000)
 tenured generation   total 64520K, used 64431K [0x29d50000, 0x2dc52000, 0x34800000)
   the space 64520K,  99% used [0x29d50000, 0x2dc3bc10, 0x2dc3be00, 0x2dc52000)
 compacting perm gen  total 12288K, used 1666K [0x34800000, 0x35400000, 0x38800000)
   the space 12288K,  13% used [0x34800000, 0x349a0990, 0x349a0a00, 0x35400000)
    ro space 10240K,  44% used [0x38800000, 0x38c7b1c8, 0x38c7b200, 0x39200000)
    rw space 12288K,  52% used [0x39200000, 0x398431d0, 0x39843200, 0x39e00000)
}
Event: 10.488 GC heap before
{Heap before GC invocations=44 (full 10):
 def new generation   total 29120K, used 25920K [0x24800000, 0x26790000, 0x29d50000)
  eden space 25920K, 100% used [0x24800000, 0x26150000, 0x26150000)
  from space 3200K,   0% used [0x26150000, 0x26150000, 0x26470000)
  to   space 3200K,   0% used [0x26470000, 0x26470000, 0x26790000)
 tenured generation   total 64520K, used 64431K [0x29d50000, 0x2dc52000, 0x34800000)
   the space 64520K,  99% used [0x29d50000, 0x2dc3bc10, 0x2dc3be00, 0x2dc52000)
 compacting perm gen  total 12288K, used 1666K [0x34800000, 0x35400000, 0x38800000)
   the space 12288K,  13% used [0x34800000, 0x349a0990, 0x349a0a00, 0x35400000)
    ro space 10240K,  44% used [0x38800000, 0x38c7b1c8, 0x38c7b200, 0x39200000)
    rw space 12288K,  52% used [0x39200000, 0x398431d0, 0x39843200, 0x39e00000)
Event: 10.947 GC heap after
Heap after GC invocations=45 (full 11):
 def new generation   total 30528K, used 3137K [0x24800000, 0x26910000, 0x29d50000)
  eden space 27200K,  11% used [0x24800000, 0x24b10788, 0x26290000)
  from space 3328K,   0% used [0x26290000, 0x26290000, 0x265d0000)
  to   space 3328K,   0% used [0x265d0000, 0x265d0000, 0x26910000)
 tenured generation   total 67592K, used 67518K [0x29d50000, 0x2df52000, 0x34800000)
   the space 67592K,  99% used [0x29d50000, 0x2df3f900, 0x2df3fa00, 0x2df52000)
 compacting perm gen  total 12288K, used 1666K [0x34800000, 0x35400000, 0x38800000)
   the space 12288K,  13% used [0x34800000, 0x349a0990, 0x349a0a00, 0x35400000)
    ro space 10240K,  44% used [0x38800000, 0x38c7b1c8, 0x38c7b200, 0x39200000)
    rw space 12288K,  52% used [0x39200000, 0x398431d0, 0x39843200, 0x39e00000)
}
Event: 11.207 GC heap before
{Heap before GC invocations=45 (full 11):
 def new generation   total 30528K, used 27200K [0x24800000, 0x26910000, 0x29d50000)
  eden space 27200K, 100% used [0x24800000, 0x26290000, 0x26290000)
  from space 3328K,   0% used [0x26290000, 0x26290000, 0x265d0000)
  to   space 3328K,   0% used [0x265d0000, 0x265d0000, 0x26910000)
 tenured generation   total 67592K, used 67518K [0x29d50000, 0x2df52000, 0x34800000)
   the space 67592K,  99% used [0x29d50000, 0x2df3f900, 0x2df3fa00, 0x2df52000)
 compacting perm gen  total 12288K, used 1666K [0x34800000, 0x35400000, 0x38800000)
   the space 12288K,  13% used [0x34800000, 0x349a0990, 0x349a0a00, 0x35400000)
    ro space 10240K,  44% used [0x38800000, 0x38c7b1c8, 0x38c7b200, 0x39200000)
    rw space 12288K,  52% used [0x39200000, 0x398431d0, 0x39843200, 0x39e00000)

