# JRE version: Java(TM) SE Runtime Environment (7.0_72-b14) (build 1.7.0_72-b14)
# Java VM: Java HotSpot(TM) Client VM (24.72-b04 mixed mode, sharing windows-x86 )
Heap
 def new generation   total 24512K, used 2687K [0x24800000, 0x26290000, 0x29d50000)
  eden space 21824K,   0% used [0x24800000, 0x24800000, 0x25d50000)
  from space 2688K,  99% used [0x25ff0000, 0x2628fff8, 0x26290000)
  to   space 2688K,   0% used [0x25d50000, 0x25d50000, 0x25ff0000)
 tenured generation   total 56356K, used 56267K [0x29d50000, 0x2d459000, 0x34800000)
   the space 56356K,  99% used [0x29d50000, 0x2d442c20, 0x2d442e00, 0x2d459000)
 compacting perm gen  total 12288K, used 1666K [0x34800000, 0x35400000, 0x38800000)
   the space 12288K,  13% used [0x34800000, 0x349a09e0, 0x349a0a00, 0x35400000)
    ro space 10240K,  44% used [0x38800000, 0x38c7b1c8, 0x38c7b200, 0x39200000)
    rw space 12288K,  52% used [0x39200000, 0x398431d0, 0x39843200, 0x39e00000)
GC Heap History (10 events):
Event: 6.312 GC heap after
Heap after GC invocations=36 (full 3):
 def new generation   total 22208K, used 2432K [0x24800000, 0x26010000, 0x29d50000)
  eden space 19776K,   0% used [0x24800000, 0x24800000, 0x25b50000)
  from space 2432K, 100% used [0x25b50000, 0x25db0000, 0x25db0000)
  to   space 2432K,   0% used [0x25db0000, 0x25db0000, 0x26010000)
 tenured generation   total 49188K, used 45408K [0x29d50000, 0x2cd59000, 0x34800000)
   the space 49188K,  92% used [0x29d50000, 0x2c9a8138, 0x2c9a8200, 0x2cd59000)
 compacting perm gen  total 12288K, used 1668K [0x34800000, 0x35400000, 0x38800000)
   the space 12288K,  13% used [0x34800000, 0x349a12a8, 0x349a1400, 0x35400000)
    ro space 10240K,  44% used [0x38800000, 0x38c7b1c8, 0x38c7b200, 0x39200000)
    rw space 12288K,  52% used [0x39200000, 0x398431d0, 0x39843200, 0x39e00000)
}
Event: 6.473 GC heap before
{Heap before GC invocations=36 (full 3):
 def new generation   total 22208K, used 22208K [0x24800000, 0x26010000, 0x29d50000)
  eden space 19776K, 100% used [0x24800000, 0x25b50000, 0x25b50000)
  from space 2432K, 100% used [0x25b50000, 0x25db0000, 0x25db0000)
  to   space 2432K,   0% used [0x25db0000, 0x25db0000, 0x26010000)
 tenured generation   total 49188K, used 45408K [0x29d50000, 0x2cd59000, 0x34800000)
   the space 49188K,  92% used [0x29d50000, 0x2c9a8138, 0x2c9a8200, 0x2cd59000)
 compacting perm gen  total 12288K, used 1668K [0x34800000, 0x35400000, 0x38800000)
   the space 12288K,  13% used [0x34800000, 0x349a12a8, 0x349a1400, 0x35400000)
    ro space 10240K,  44% used [0x38800000, 0x38c7b1c8, 0x38c7b200, 0x39200000)
    rw space 12288K,  52% used [0x39200000, 0x398431d0, 0x39843200, 0x39e00000)
Event: 6.496 GC heap after
Heap after GC invocations=37 (full 3):
 def new generation   total 22208K, used 2432K [0x24800000, 0x26010000, 0x29d50000)
  eden space 19776K,   0% used [0x24800000, 0x24800000, 0x25b50000)
  from space 2432K, 100% used [0x25db0000, 0x26010000, 0x26010000)
  to   space 2432K,   0% used [0x25b50000, 0x25b50000, 0x25db0000)
 tenured generation   total 49188K, used 48099K [0x29d50000, 0x2cd59000, 0x34800000)
   the space 49188K,  97% used [0x29d50000, 0x2cc48e00, 0x2cc48e00, 0x2cd59000)
 compacting perm gen  total 12288K, used 1668K [0x34800000, 0x35400000, 0x38800000)
   the space 12288K,  13% used [0x34800000, 0x349a12a8, 0x349a1400, 0x35400000)
    ro space 10240K,  44% used [0x38800000, 0x38c7b1c8, 0x38c7b200, 0x39200000)
    rw space 12288K,  52% used [0x39200000, 0x398431d0, 0x39843200, 0x39e00000)
}
Event: 6.691 GC heap before
{Heap before GC invocations=37 (full 3):
 def new generation   total 22208K, used 22208K [0x24800000, 0x26010000, 0x29d50000)
  eden space 19776K, 100% used [0x24800000, 0x25b50000, 0x25b50000)
  from space 2432K, 100% used [0x25db0000, 0x26010000, 0x26010000)
  to   space 2432K,   0% used [0x25b50000, 0x25b50000, 0x25db0000)
 tenured generation   total 49188K, used 48099K [0x29d50000, 0x2cd59000, 0x34800000)
   the space 49188K,  97% used [0x29d50000, 0x2cc48e00, 0x2cc48e00, 0x2cd59000)
 compacting perm gen  total 12288K, used 1668K [0x34800000, 0x35400000, 0x38800000)
   the space 12288K,  13% used [0x34800000, 0x349a1358, 0x349a1400, 0x35400000)
    ro space 10240K,  44% used [0x38800000, 0x38c7b1c8, 0x38c7b200, 0x39200000)
    rw space 12288K,  52% used [0x39200000, 0x398431d0, 0x39843200, 0x39e00000)
Event: 7.057 GC heap after
Heap after GC invocations=38 (full 4):
 def new generation   total 23040K, used 82K [0x24800000, 0x26100000, 0x29d50000)
  eden space 20480K,   0% used [0x24800000, 0x24814820, 0x25c00000)
  from space 2560K,   0% used [0x25c00000, 0x25c00000, 0x25e80000)
  to   space 2560K,   0% used [0x25e80000, 0x25e80000, 0x26100000)
 tenured generation   total 51108K, used 51107K [0x29d50000, 0x2cf39000, 0x34800000)
   the space 51108K,  99% used [0x29d50000, 0x2cf38ff8, 0x2cf39000, 0x2cf39000)
 compacting perm gen  total 12288K, used 1666K [0x34800000, 0x35400000, 0x38800000)
   the space 12288K,  13% used [0x34800000, 0x349a09e0, 0x349a0a00, 0x35400000)
    ro space 10240K,  44% used [0x38800000, 0x38c7b1c8, 0x38c7b200, 0x39200000)
    rw space 12288K,  52% used [0x39200000, 0x398431d0, 0x39843200, 0x39e00000)
}
Event: 7.284 GC heap before
{Heap before GC invocations=38 (full 4):
 def new generation   total 23040K, used 20480K [0x24800000, 0x26100000, 0x29d50000)
  eden space 20480K, 100% used [0x24800000, 0x25c00000, 0x25c00000)
  from space 2560K,   0% used [0x25c00000, 0x25c00000, 0x25e80000)
  to   space 2560K,   0% used [0x25e80000, 0x25e80000, 0x26100000)
 tenured generation   total 51108K, used 51107K [0x29d50000, 0x2cf39000, 0x34800000)
   the space 51108K,  99% used [0x29d50000, 0x2cf38ff8, 0x2cf39000, 0x2cf39000)
 compacting perm gen  total 12288K, used 1666K [0x34800000, 0x35400000, 0x38800000)
   the space 12288K,  13% used [0x34800000, 0x349a09e0, 0x349a0a00, 0x35400000)
    ro space 10240K,  44% used [0x38800000, 0x38c7b1c8, 0x38c7b200, 0x39200000)
    rw space 12288K,  52% used [0x39200000, 0x398431d0, 0x39843200, 0x39e00000)
Event: 7.632 GC heap after
Heap after GC invocations=39 (full 5):
 def new generation   total 23360K, used 2522K [0x24800000, 0x26150000, 0x29d50000)
  eden space 20800K,  12% used [0x24800000, 0x24a76b20, 0x25c50000)
  from space 2560K,   0% used [0x25c50000, 0x25c50000, 0x25ed0000)
  to   space 2560K,   0% used [0x25ed0000, 0x25ed0000, 0x26150000)
 tenured generation   total 51748K, used 51689K [0x29d50000, 0x2cfd9000, 0x34800000)
   the space 51748K,  99% used [0x29d50000, 0x2cfca470, 0x2cfca600, 0x2cfd9000)
 compacting perm gen  total 12288K, used 1666K [0x34800000, 0x35400000, 0x38800000)
   the space 12288K,  13% used [0x34800000, 0x349a09e0, 0x349a0a00, 0x35400000)
    ro space 10240K,  44% used [0x38800000, 0x38c7b1c8, 0x38c7b200, 0x39200000)
    rw space 12288K,  52% used [0x39200000, 0x398431d0, 0x39843200, 0x39e00000)
}
Event: 7.793 GC heap before
{Heap before GC invocations=39 (full 5):
 def new generation   total 23360K, used 20800K [0x24800000, 0x26150000, 0x29d50000)
  eden space 20800K, 100% used [0x24800000, 0x25c50000, 0x25c50000)
  from space 2560K,   0% used [0x25c50000, 0x25c50000, 0x25ed0000)
  to   space 2560K,   0% used [0x25ed0000, 0x25ed0000, 0x26150000)
 tenured generation   total 51748K, used 51689K [0x29d50000, 0x2cfd9000, 0x34800000)
   the space 51748K,  99% used [0x29d50000, 0x2cfca470, 0x2cfca600, 0x2cfd9000)
 compacting perm gen  total 12288K, used 1666K [0x34800000, 0x35400000, 0x38800000)
   the space 12288K,  13% used [0x34800000, 0x349a09e0, 0x349a0a00, 0x35400000)
    ro space 10240K,  44% used [0x38800000, 0x38c7b1c8, 0x38c7b200, 0x39200000)
    rw space 12288K,  52% used [0x39200000, 0x398431d0, 0x39843200, 0x39e00000)
Event: 8.169 GC heap after
Heap after GC invocations=40 (full 6):
 def new generation   total 24512K, used 2499K [0x24800000, 0x26290000, 0x29d50000)
  eden space 21824K,  11% used [0x24800000, 0x24a70c70, 0x25d50000)
  from space 2688K,   0% used [0x25d50000, 0x25d50000, 0x25ff0000)
  to   space 2688K,   0% used [0x25ff0000, 0x25ff0000, 0x26290000)
 tenured generation   total 54308K, used 54259K [0x29d50000, 0x2d259000, 0x34800000)
   the space 54308K,  99% used [0x29d50000, 0x2d24cc60, 0x2d24ce00, 0x2d259000)
 compacting perm gen  total 12288K, used 1666K [0x34800000, 0x35400000, 0x38800000)
   the space 12288K,  13% used [0x34800000, 0x349a09e0, 0x349a0a00, 0x35400000)
    ro space 10240K,  44% used [0x38800000, 0x38c7b1c8, 0x38c7b200, 0x39200000)
    rw space 12288K,  52% used [0x39200000, 0x398431d0, 0x39843200, 0x39e00000)
}
Event: 8.322 GC heap before
{Heap before GC invocations=40 (full 6):
 def new generation   total 24512K, used 21824K [0x24800000, 0x26290000, 0x29d50000)
  eden space 21824K, 100% used [0x24800000, 0x25d50000, 0x25d50000)
  from space 2688K,   0% used [0x25d50000, 0x25d50000, 0x25ff0000)
  to   space 2688K,   0% used [0x25ff0000, 0x25ff0000, 0x26290000)
 tenured generation   total 54308K, used 54259K [0x29d50000, 0x2d259000, 0x34800000)
   the space 54308K,  99% used [0x29d50000, 0x2d24cc60, 0x2d24ce00, 0x2d259000)
 compacting perm gen  total 12288K, used 1666K [0x34800000, 0x35400000, 0x38800000)
   the space 12288K,  13% used [0x34800000, 0x349a09e0, 0x349a0a00, 0x35400000)
    ro space 10240K,  44% used [0x38800000, 0x38c7b1c8, 0x38c7b200, 0x39200000)
    rw space 12288K,  52% used [0x39200000, 0x398431d0, 0x39843200, 0x39e00000)

