# JRE version: Java(TM) SE Runtime Environment (7.0_72-b14) (build 1.7.0_72-b14)
# Java VM: Java HotSpot(TM) Client VM (24.72-b04 mixed mode, sharing windows-x86 )
Heap
 def new generation   total 4928K, used 511K [0x24800000, 0x24d50000, 0x29d50000)
  eden space 4416K,   0% used [0x24800000, 0x24800000, 0x24c50000)
  from space 512K,  99% used [0x24cd0000, 0x24d4fff8, 0x24d50000)
  to   space 512K,   0% used [0x24c50000, 0x24c50000, 0x24cd0000)
 tenured generation   total 19880K, used 19869K [0x29d50000, 0x2b0ba000, 0x34800000)
   the space 19880K,  99% used [0x29d50000, 0x2b0b76b0, 0x2b0b7800, 0x2b0ba000)
 compacting perm gen  total 12288K, used 1635K [0x34800000, 0x35400000, 0x38800000)
   the space 12288K,  13% used [0x34800000, 0x34998c30, 0x34998e00, 0x35400000)
    ro space 10240K,  44% used [0x38800000, 0x38c7b1c8, 0x38c7b200, 0x39200000)
    rw space 12288K,  52% used [0x39200000, 0x398431d0, 0x39843200, 0x39e00000)
GC Heap History (10 events):
Event: 4.097 GC heap after
Heap after GC invocations=26 (full 2):
 def new generation   total 4928K, used 468K [0x24800000, 0x24d50000, 0x29d50000)
  eden space 4416K,  10% used [0x24800000, 0x248752a8, 0x24c50000)
  from space 512K,   0% used [0x24c50000, 0x24c50000, 0x24cd0000)
  to   space 512K,   0% used [0x24cd0000, 0x24cd0000, 0x24d50000)
 tenured generation   total 17320K, used 17319K [0x29d50000, 0x2ae3a000, 0x34800000)
   the space 17320K,  99% used [0x29d50000, 0x2ae39fe0, 0x2ae3a000, 0x2ae3a000)
 compacting perm gen  total 12288K, used 1636K [0x34800000, 0x35400000, 0x38800000)
   the space 12288K,  13% used [0x34800000, 0x34999308, 0x34999400, 0x35400000)
    ro space 10240K,  44% used [0x38800000, 0x38c7b1c8, 0x38c7b200, 0x39200000)
    rw space 12288K,  52% used [0x39200000, 0x398431d0, 0x39843200, 0x39e00000)
}
Event: 4.144 GC heap before
{Heap before GC invocations=26 (full 2):
 def new generation   total 4928K, used 4416K [0x24800000, 0x24d50000, 0x29d50000)
  eden space 4416K, 100% used [0x24800000, 0x24c50000, 0x24c50000)
  from space 512K,   0% used [0x24c50000, 0x24c50000, 0x24cd0000)
  to   space 512K,   0% used [0x24cd0000, 0x24cd0000, 0x24d50000)
 tenured generation   total 17320K, used 17319K [0x29d50000, 0x2ae3a000, 0x34800000)
   the space 17320K,  99% used [0x29d50000, 0x2ae39fe0, 0x2ae3a000, 0x2ae3a000)
 compacting perm gen  total 12288K, used 1636K [0x34800000, 0x35400000, 0x38800000)
   the space 12288K,  13% used [0x34800000, 0x34999308, 0x34999400, 0x35400000)
    ro space 10240K,  44% used [0x38800000, 0x38c7b1c8, 0x38c7b200, 0x39200000)
    rw space 12288K,  52% used [0x39200000, 0x398431d0, 0x39843200, 0x39e00000)
Event: 4.259 GC heap after
Heap after GC invocations=27 (full 3):
 def new generation   total 4928K, used 438K [0x24800000, 0x24d50000, 0x29d50000)
  eden space 4416K,   9% used [0x24800000, 0x2486db58, 0x24c50000)
  from space 512K,   0% used [0x24cd0000, 0x24cd0000, 0x24d50000)
  to   space 512K,   0% used [0x24c50000, 0x24c50000, 0x24cd0000)
 tenured generation   total 18088K, used 18087K [0x29d50000, 0x2aefa000, 0x34800000)
   the space 18088K,  99% used [0x29d50000, 0x2aef9ff0, 0x2aefa000, 0x2aefa000)
 compacting perm gen  total 12288K, used 1636K [0x34800000, 0x35400000, 0x38800000)
   the space 12288K,  13% used [0x34800000, 0x34999308, 0x34999400, 0x35400000)
    ro space 10240K,  44% used [0x38800000, 0x38c7b1c8, 0x38c7b200, 0x39200000)
    rw space 12288K,  52% used [0x39200000, 0x398431d0, 0x39843200, 0x39e00000)
}
Event: 4.302 GC heap before
{Heap before GC invocations=27 (full 3):
 def new generation   total 4928K, used 4416K [0x24800000, 0x24d50000, 0x29d50000)
  eden space 4416K, 100% used [0x24800000, 0x24c50000, 0x24c50000)
  from space 512K,   0% used [0x24cd0000, 0x24cd0000, 0x24d50000)
  to   space 512K,   0% used [0x24c50000, 0x24c50000, 0x24cd0000)
 tenured generation   total 18088K, used 18087K [0x29d50000, 0x2aefa000, 0x34800000)
   the space 18088K,  99% used [0x29d50000, 0x2aef9ff0, 0x2aefa000, 0x2aefa000)
 compacting perm gen  total 12288K, used 1636K [0x34800000, 0x35400000, 0x38800000)
   the space 12288K,  13% used [0x34800000, 0x34999328, 0x34999400, 0x35400000)
    ro space 10240K,  44% used [0x38800000, 0x38c7b1c8, 0x38c7b200, 0x39200000)
    rw space 12288K,  52% used [0x39200000, 0x398431d0, 0x39843200, 0x39e00000)
Event: 4.435 GC heap after
Heap after GC invocations=28 (full 4):
 def new generation   total 4928K, used 0K [0x24800000, 0x24d50000, 0x29d50000)
  eden space 4416K,   0% used [0x24800000, 0x24800000, 0x24c50000)
  from space 512K,   0% used [0x24c50000, 0x24c50000, 0x24cd0000)
  to   space 512K,   0% used [0x24cd0000, 0x24cd0000, 0x24d50000)
 tenured generation   total 18728K, used 18209K [0x29d50000, 0x2af9a000, 0x34800000)
   the space 18728K,  97% used [0x29d50000, 0x2af18538, 0x2af18600, 0x2af9a000)
 compacting perm gen  total 12288K, used 1634K [0x34800000, 0x35400000, 0x38800000)
   the space 12288K,  13% used [0x34800000, 0x34998b20, 0x34998c00, 0x35400000)
    ro space 10240K,  44% used [0x38800000, 0x38c7b1c8, 0x38c7b200, 0x39200000)
    rw space 12288K,  52% used [0x39200000, 0x398431d0, 0x39843200, 0x39e00000)
}
Event: 4.473 GC heap before
{Heap before GC invocations=28 (full 4):
 def new generation   total 4928K, used 4416K [0x24800000, 0x24d50000, 0x29d50000)
  eden space 4416K, 100% used [0x24800000, 0x24c50000, 0x24c50000)
  from space 512K,   0% used [0x24c50000, 0x24c50000, 0x24cd0000)
  to   space 512K,   0% used [0x24cd0000, 0x24cd0000, 0x24d50000)
 tenured generation   total 18728K, used 18209K [0x29d50000, 0x2af9a000, 0x34800000)
   the space 18728K,  97% used [0x29d50000, 0x2af18538, 0x2af18600, 0x2af9a000)
 compacting perm gen  total 12288K, used 1634K [0x34800000, 0x35400000, 0x38800000)
   the space 12288K,  13% used [0x34800000, 0x34998b20, 0x34998c00, 0x35400000)
    ro space 10240K,  44% used [0x38800000, 0x38c7b1c8, 0x38c7b200, 0x39200000)
    rw space 12288K,  52% used [0x39200000, 0x398431d0, 0x39843200, 0x39e00000)
Event: 4.477 GC heap after
Heap after GC invocations=29 (full 4):
 def new generation   total 4928K, used 512K [0x24800000, 0x24d50000, 0x29d50000)
  eden space 4416K,   0% used [0x24800000, 0x24800000, 0x24c50000)
  from space 512K, 100% used [0x24cd0000, 0x24d50000, 0x24d50000)
  to   space 512K,   0% used [0x24c50000, 0x24c50000, 0x24cd0000)
 tenured generation   total 18728K, used 18435K [0x29d50000, 0x2af9a000, 0x34800000)
   the space 18728K,  98% used [0x29d50000, 0x2af50cf8, 0x2af50e00, 0x2af9a000)
 compacting perm gen  total 12288K, used 1634K [0x34800000, 0x35400000, 0x38800000)
   the space 12288K,  13% used [0x34800000, 0x34998b20, 0x34998c00, 0x35400000)
    ro space 10240K,  44% used [0x38800000, 0x38c7b1c8, 0x38c7b200, 0x39200000)
    rw space 12288K,  52% used [0x39200000, 0x398431d0, 0x39843200, 0x39e00000)
}
Event: 4.526 GC heap before
{Heap before GC invocations=29 (full 4):
 def new generation   total 4928K, used 4928K [0x24800000, 0x24d50000, 0x29d50000)
  eden space 4416K, 100% used [0x24800000, 0x24c50000, 0x24c50000)
  from space 512K, 100% used [0x24cd0000, 0x24d50000, 0x24d50000)
  to   space 512K,   0% used [0x24c50000, 0x24c50000, 0x24cd0000)
 tenured generation   total 18728K, used 18435K [0x29d50000, 0x2af9a000, 0x34800000)
   the space 18728K,  98% used [0x29d50000, 0x2af50cf8, 0x2af50e00, 0x2af9a000)
 compacting perm gen  total 12288K, used 1635K [0x34800000, 0x35400000, 0x38800000)
   the space 12288K,  13% used [0x34800000, 0x34998c30, 0x34998e00, 0x35400000)
    ro space 10240K,  44% used [0x38800000, 0x38c7b1c8, 0x38c7b200, 0x39200000)
    rw space 12288K,  52% used [0x39200000, 0x398431d0, 0x39843200, 0x39e00000)
Event: 4.633 GC heap after
Heap after GC invocations=30 (full 5):
 def new generation   total 4928K, used 492K [0x24800000, 0x24d50000, 0x29d50000)
  eden space 4416K,  11% used [0x24800000, 0x2487b300, 0x24c50000)
  from space 512K,   0% used [0x24c50000, 0x24c50000, 0x24cd0000)
  to   space 512K,   0% used [0x24cd0000, 0x24cd0000, 0x24d50000)
 tenured generation   total 19240K, used 19196K [0x29d50000, 0x2b01a000, 0x34800000)
   the space 19240K,  99% used [0x29d50000, 0x2b00f130, 0x2b00f200, 0x2b01a000)
 compacting perm gen  total 12288K, used 1635K [0x34800000, 0x35400000, 0x38800000)
   the space 12288K,  13% used [0x34800000, 0x34998c30, 0x34998e00, 0x35400000)
    ro space 10240K,  44% used [0x38800000, 0x38c7b1c8, 0x38c7b200, 0x39200000)
    rw space 12288K,  52% used [0x39200000, 0x398431d0, 0x39843200, 0x39e00000)
}
Event: 4.684 GC heap before
{Heap before GC invocations=30 (full 5):
 def new generation   total 4928K, used 4416K [0x24800000, 0x24d50000, 0x29d50000)
  eden space 4416K, 100% used [0x24800000, 0x24c50000, 0x24c50000)
  from space 512K,   0% used [0x24c50000, 0x24c50000, 0x24cd0000)
  to   space 512K,   0% used [0x24cd0000, 0x24cd0000, 0x24d50000)
 tenured generation   total 19240K, used 19196K [0x29d50000, 0x2b01a000, 0x34800000)
   the space 19240K,  99% used [0x29d50000, 0x2b00f130, 0x2b00f200, 0x2b01a000)
 compacting perm gen  total 12288K, used 1635K [0x34800000, 0x35400000, 0x38800000)
   the space 12288K,  13% used [0x34800000, 0x34998c30, 0x34998e00, 0x35400000)
    ro space 10240K,  44% used [0x38800000, 0x38c7b1c8, 0x38c7b200, 0x39200000)
    rw space 12288K,  52% used [0x39200000, 0x398431d0, 0x39843200, 0x39e00000)

